<?xml version="1.0" encoding="UTF-8"?>
<!-- Generated by org.testng.reporters.JUnitReportReporter -->
<testsuite hostname="Hashani" failures="0" tests="1" name="SuntechITGlobalFramework.Test.StandAloneTest" time="141.270" errors="0" timestamp="2024-07-29T21:01:38 IST" skipped="0">
  <testcase classname="SuntechITGlobalFramework.Test.StandAloneTest" name="hiredevelopers" time="141.270"/>
</testsuite> <!-- SuntechITGlobalFramework.Test.StandAloneTest -->
